<?xml version="1.0" encoding="UTF-8"?>
<!-- Generated by org.testng.reporters.JUnitReportReporter -->
<testsuite hostname="AliyaVasu" failures="0" tests="2" name="com.Test.TS1_HomePage" time="0.284" errors="0" timestamp="2023-06-01T16:52:31 IST" skipped="0">
  <testcase classname="com.Test.TS1_HomePage" name="TC1" time="0.041"/>
  <system-out/>
  <testcase classname="com.Test.TS1_HomePage" name="TC2" time="0.243"/>
  <system-out/>
</testsuite> <!-- com.Test.TS1_HomePage -->
