<?xml version="1.0" encoding="UTF-8"?>
<!-- Generated by org.testng.reporters.JUnitReportReporter -->
<testsuite hostname="AliyaVasu" failures="0" tests="1" name="com.Test.BrokenImages" time="5.041" errors="0" timestamp="2023-06-01T21:42:23 IST" skipped="0">
  <testcase classname="com.Test.BrokenImages" name="TC01" time="5.041"/>
  <system-out/>
</testsuite> <!-- com.Test.BrokenImages -->
