<?xml version="1.0" encoding="UTF-8"?>
<!-- Generated by org.testng.reporters.JUnitReportReporter -->
<testsuite hostname="AliyaVasu" failures="0" tests="1" name="com.Test.TestNotificationMesssages" time="0.925" errors="0" timestamp="2023-06-02T12:05:49 IST" skipped="0">
  <testcase classname="com.Test.TestNotificationMesssages" name="TC01" time="0.925"/>
  <system-out/>
</testsuite> <!-- com.Test.TestNotificationMesssages -->
