<?xml version="1.0" encoding="UTF-8"?>
<!-- Generated by org.testng.reporters.JUnitReportReporter -->
<testsuite hostname="AliyaVasu" failures="0" tests="2" name="com.Test.TS3_AddRemoveElements" time="0.184" errors="0" timestamp="2023-06-01T21:09:26 IST" skipped="0">
  <testcase classname="com.Test.TS3_AddRemoveElements" name="TC01" time="0.113"/>
  <system-out/>
  <testcase classname="com.Test.TS3_AddRemoveElements" name="TC02" time="0.071"/>
  <system-out/>
</testsuite> <!-- com.Test.TS3_AddRemoveElements -->
