<?xml version="1.0" encoding="UTF-8"?>
<!-- Generated by org.testng.reporters.JUnitReportReporter -->
<testsuite hostname="AliyaVasu" failures="0" tests="1" name="com.Test.TestNestedFrames" time="0.079" errors="0" timestamp="2023-06-02T12:00:22 IST" skipped="0">
  <testcase classname="com.Test.TestNestedFrames" name="TC01" time="0.079"/>
  <system-out/>
</testsuite> <!-- com.Test.TestNestedFrames -->
