<?xml version="1.0" encoding="UTF-8"?>
<!-- Generated by org.testng.reporters.JUnitReportReporter -->
<testsuite hostname="AliyaVasu" failures="0" tests="1" name="com.Test.Tst" time="24.273" errors="0" timestamp="2023-05-31T13:20:00 IST" skipped="0">
  <testcase classname="com.Test.Tst" name="l1" time="24.273"/>
  <system-out/>
</testsuite> <!-- com.Test.Tst -->
