<?xml version="1.0" encoding="UTF-8"?>
<!-- Generated by org.testng.reporters.JUnitReportReporter -->
<testsuite hostname="AliyaVasu" failures="0" tests="1" name="com.Test.TestDropDown" time="0.160" errors="0" timestamp="2023-06-03T14:39:30 IST" skipped="0">
  <testcase classname="com.Test.TestDropDown" name="TC01" time="0.160"/>
  <system-out/>
</testsuite> <!-- com.Test.TestDropDown -->
