<?xml version="1.0" encoding="UTF-8"?>
<!-- Generated by org.testng.reporters.JUnitReportReporter -->
<testsuite hostname="AliyaVasu" failures="0" tests="2" name="com.Test.TestAddRemoveElements" time="0.167" errors="0" timestamp="2023-06-02T12:56:08 IST" skipped="0">
  <testcase classname="com.Test.TestAddRemoveElements" name="TC02" time="0.065"/>
  <system-out/>
  <testcase classname="com.Test.TestAddRemoveElements" name="TC01" time="0.102"/>
  <system-out/>
</testsuite> <!-- com.Test.TestAddRemoveElements -->
