<?xml version="1.0" encoding="UTF-8"?>
<!-- Generated by org.testng.reporters.JUnitReportReporter -->
<testsuite hostname="AliyaVasu" failures="0" tests="4" name="com.Test.TestDynamicControls" time="20.511" errors="0" timestamp="2023-06-03T14:39:30 IST" skipped="0">
  <testcase classname="com.Test.TestDynamicControls" name="TC01" time="3.170"/>
  <system-out/>
  <testcase classname="com.Test.TestDynamicControls" name="TC02" time="3.092"/>
  <system-out/>
  <testcase classname="com.Test.TestDynamicControls" name="TC04" time="7.085"/>
  <system-out/>
  <testcase classname="com.Test.TestDynamicControls" name="TC03" time="7.164"/>
  <system-out/>
</testsuite> <!-- com.Test.TestDynamicControls -->
