<?xml version="1.0" encoding="UTF-8"?>
<!-- Generated by org.testng.reporters.JUnitReportReporter -->
<testsuite hostname="AliyaVasu" failures="0" tests="3" name="com.Test.TestShiftingContent" time="15.708" errors="0" timestamp="2023-06-02T13:24:21 IST" skipped="0">
  <testcase classname="com.Test.TestShiftingContent" name="TC01" time="5.466"/>
  <system-out/>
  <testcase classname="com.Test.TestShiftingContent" name="TC02" time="5.536"/>
  <system-out/>
  <testcase classname="com.Test.TestShiftingContent" name="TC03" time="4.706"/>
  <system-out/>
</testsuite> <!-- com.Test.TestShiftingContent -->
