<?xml version="1.0" encoding="UTF-8"?>
<!-- Generated by org.testng.reporters.JUnitReportReporter -->
<testsuite hostname="AliyaVasu" failures="0" tests="2" name="com.Test.TestABTesting" time="1.384" errors="0" timestamp="2023-06-02T12:54:53 IST" skipped="0">
  <testcase classname="com.Test.TestABTesting" name="TC01" time="0.767"/>
  <system-out/>
  <testcase classname="com.Test.TestABTesting" name="TC02" time="0.617"/>
  <system-out/>
</testsuite> <!-- com.Test.TestABTesting -->
