<?xml version="1.0" encoding="UTF-8"?>
<!-- Generated by org.testng.reporters.JUnitReportReporter -->
<testsuite hostname="AliyaVasu" failures="0" tests="1" name="com.Test.TS2_ABTesting" time="0.467" errors="0" timestamp="2023-06-01T14:07:21 IST" skipped="0">
  <testcase classname="com.Test.TS2_ABTesting" name="TC01" time="0.467"/>
  <system-out/>
</testsuite> <!-- com.Test.TS2_ABTesting -->
