<?xml version="1.0" encoding="UTF-8"?>
<!-- Generated by org.testng.reporters.JUnitReportReporter -->
<testsuite hostname="AliyaVasu" failures="0" tests="1" name="com.Test.TS6_CheckBoxes" time="0.105" errors="0" timestamp="2023-06-01T21:55:36 IST" skipped="0">
  <testcase classname="com.Test.TS6_CheckBoxes" name="TC01" time="0.105"/>
  <system-out/>
</testsuite> <!-- com.Test.TS6_CheckBoxes -->
